INFO:     Will watch for changes in these directories: ['/Users/nguyenquochuy/test-audio']
INFO:     Uvicorn running on http://0.0.0.0:8006 (Press CTRL+C to quit)
INFO:     Started reloader process [27895] using StatReload
INFO:     Started server process [27936]
INFO:     Waiting for application startup.
INFO:     Application startup complete.
INFO:     127.0.0.1:49160 - "OPTIONS /auth/me HTTP/1.1" 200 OK
INFO:     127.0.0.1:49160 - "GET /auth/me HTTP/1.1" 200 OK
INFO:     127.0.0.1:49162 - "GET /auth/me HTTP/1.1" 200 OK
WARNING:  StatReload detected changes in 'translate_video.py'. Reloading...
INFO:     Shutting down
INFO:     Waiting for application shutdown.
INFO:     Application shutdown complete.
INFO:     Finished server process [27936]
Fatal Python error: init_sys_streams: can't initialize sys standard streams
Python runtime state: core initialized
OSError: [Errno 9] Bad file descriptor

Current thread 0x00000001f7a40800 (most recent call first):
  <no Python frame>
WARNING:  StatReload detected changes in 'translate_video.py'. Reloading...
Fatal Python error: init_sys_streams: can't initialize sys standard streams
Python runtime state: core initialized
OSError: [Errno 9] Bad file descriptor

Current thread 0x00000001f7a40800 (most recent call first):
  <no Python frame>
WARNING:  StatReload detected changes in 'translate_video.py'. Reloading...
Fatal Python error: init_sys_streams: can't initialize sys standard streams
Python runtime state: core initialized
OSError: [Errno 9] Bad file descriptor

Current thread 0x00000001f7a40800 (most recent call first):
  <no Python frame>
